<?xml version="1.0" encoding="UTF-8"?>
<!-- Generated by org.testng.reporters.JUnitXMLReporter -->
<testsuite ignored="0" hostname="DESKTOP-GPB8NU3" failures="0" tests="1" name="Test" time="1.998" errors="0" timestamp="23 mars 2021 22:12:34 GMT">
  <testcase classname="testCases.FileUploadDemo2" name="@BeforeMethod setup" time="1.762">
    <failure type="java.lang.IllegalStateException" message="The driver executable does not exist: C:\Users\asus\eclipse-workspace\firstProjectTestAutomation\src\test\resources\drivers\chromedriver.exe">
      <![CDATA[java.lang.IllegalStateException: The driver executable does not exist: C:\Users\asus\eclipse-workspace\firstProjectTestAutomation\src\test\resources\drivers\chromedriver.exe
at com.google.common.base.Preconditions.checkState(Preconditions.java:585)
at org.openqa.selenium.remote.service.DriverService.checkExecutable(DriverService.java:137)
at org.openqa.selenium.remote.service.DriverService.findExecutable(DriverService.java:132)
at org.openqa.selenium.chrome.ChromeDriverService.access$000(ChromeDriverService.java:35)
at org.openqa.selenium.chrome.ChromeDriverService$Builder.findDefaultExecutable(ChromeDriverService.java:159)
at org.openqa.selenium.remote.service.DriverService$Builder.build(DriverService.java:346)
at org.openqa.selenium.chrome.ChromeDriverService.createDefaultService(ChromeDriverService.java:94)
at org.openqa.selenium.chrome.ChromeDriver.<init>(ChromeDriver.java:123)
at testCases.FileUploadDemo2.setup(FileUploadDemo2.java:30)
... Removed 28 stack frames]]>
    </failure>
  </testcase> <!-- @BeforeMethod setup -->
  <testcase classname="testCases.FileUploadDemo2" name="@AfterMethod tearDown" time="0.0">
    <skipped/>
  </testcase> <!-- @AfterMethod tearDown -->
  <testcase classname="testCases.FileUploadDemo2" name="robotTest" time="0.0">
    <skipped/>
  </testcase> <!-- robotTest -->
</testsuite> <!-- Test -->
